-nowarn:100:org.apache.log.format.ExtendedPatternFormatter
-nowarn:100:org.apache.log.LogTarget
-nowarn:100:org.w3c.dom.smil.ElementTimeControl
-nowarn:100:org.w3c.dom.svg.SVGNumber
-nowarn:100:org.w3c.dom.svg.SVGColor
-nowarn:100:org.w3c.dom.smil.TimeEvent
-nowarn:100:org.w3c.dom.svg.SVGElement
-nowarn:100:org.w3c.dom.svg.SVGDocument
-nowarn:100:org.w3c.dom.svg.SVGLength
-nowarn:100:org.w3c.dom.svg.SVGAnimatedLength
-nowarn:100:org.w3c.dom.svg.SVGLengthList
-nowarn:100:org.w3c.dom.svg.SVGMatrix
-nowarn:100:org.w3c.dom.svg.SVGPathSeg
-nowarn:100:org.w3c.dom.svg.SVGPathSegList
-nowarn:100:org.w3c.dom.svg.SVGNumberList
-nowarn:100:org.w3c.dom.svg.SVGPoint
-nowarn:100:org.w3c.dom.svg.SVGPointList
-nowarn:100:org.w3c.dom.svg.SVGPreserveAspectRatio
-nowarn:100:org.w3c.dom.svg.SVGTransform
-nowarn:100:org.w3c.dom.svg.SVGTransformList
-nowarn:100:org.w3c.dom.svg.SVGRect
-nowarn:100:org.w3c.dom.svg.SVGAngle
-nowarn:100:org.w3c.dom.svg.SVGAnimatedBoolean
-nowarn:100:org.w3c.dom.svg.SVGAnimatedEnumeration
-nowarn:100:org.w3c.dom.svg.SVGAnimatedInteger
-nowarn:100:org.w3c.dom.svg.SVGAnimatedLengthList
-nowarn:100:org.w3c.dom.svg.SVGAnimatedAngle
-nowarn:100:org.w3c.dom.svg.SVGAnimatedNumber
-nowarn:100:org.w3c.dom.svg.SVGAnimatedNumberList
-nowarn:100:org.w3c.dom.svg.SVGAnimatedPathData
-nowarn:100:org.w3c.dom.svg.SVGAnimatedPoints
-nowarn:100:org.w3c.dom.svg.SVGAnimatedPreserveAspectRatio
-nowarn:100:org.w3c.dom.svg.SVGAnimatedRect
-nowarn:100:org.w3c.dom.svg.SVGAnimatedString
-nowarn:100:org.w3c.dom.svg.SVGAnimatedTransformList
-nowarn:100:org.w3c.dom.svg.SVGEvent
-nowarn:100:org.w3c.dom.svg.SVGException
-nowarn:100:org.w3c.dom.svg.SVGPathSegClosePath
-nowarn:100:org.w3c.dom.svg.SVGPathSegCurvetoCubicAbs
-nowarn:100:org.w3c.dom.svg.SVGPathSegCurvetoCubicRel
-nowarn:100:org.w3c.dom.svg.SVGPathSegCurvetoQuadraticAbs
-nowarn:100:org.w3c.dom.svg.SVGPathSegCurvetoQuadraticRel
-nowarn:100:org.w3c.dom.svg.SVGPathSegCurvetoCubicSmoothAbs
-nowarn:100:org.w3c.dom.svg.SVGPathSegCurvetoCubicSmoothRel
-nowarn:100:org.w3c.dom.svg.SVGPathSegCurvetoQuadraticSmoothAbs
-nowarn:100:org.w3c.dom.svg.SVGPathSegCurvetoQuadraticSmoothRel
-nowarn:100:org.w3c.dom.svg.SVGPathSegArcAbs
-nowarn:100:org.w3c.dom.svg.SVGPathSegArcRel
-nowarn:100:org.w3c.dom.svg.SVGPathSegMovetoAbs
-nowarn:100:org.w3c.dom.svg.SVGPathSegMovetoRel
-nowarn:100:org.w3c.dom.svg.SVGPathSegLinetoAbs
-nowarn:100:org.w3c.dom.svg.SVGPathSegLinetoRel
-nowarn:100:org.w3c.dom.svg.SVGPathSegLinetoHorizontalAbs
-nowarn:100:org.w3c.dom.svg.SVGPathSegLinetoHorizontalRel
-nowarn:100:org.w3c.dom.svg.SVGPathSegLinetoVerticalAbs
-nowarn:100:org.w3c.dom.svg.SVGPathSegLinetoVerticalRel
-nowarn:100:org.mozilla.javascript.SecurityController
-nowarn:100:org.mozilla.javascript.WrapFactory
-nowarn:100:org.mozilla.javascript.ContextAction
-nowarn:100:org.mozilla.javascript.Function
-nowarn:100:org.mozilla.javascript.NativeJavaObject
-nowarn:100:org.mozilla.javascript.GeneratedClassLoader
-nowarn:100:org.mozilla.javascript.ClassShutter
-nowarn:100:org.mozilla.javascript.ContextFactory
-nowarn:100:org.mozilla.javascript.ImporterTopLevel
-nowarn:109:org.w3c.dom.events.DocumentEvent:IKVM.OpenJDK.XML.API, Version=7.4.5196.0, Culture=neutral, PublicKeyToken=13235d27fcbfff58
-nowarn:109:org.w3c.dom.events.Event:IKVM.OpenJDK.XML.API, Version=7.4.5196.0, Culture=neutral, PublicKeyToken=13235d27fcbfff58
-nowarn:109:org.w3c.dom.events.EventException:IKVM.OpenJDK.XML.API, Version=7.4.5196.0, Culture=neutral, PublicKeyToken=13235d27fcbfff58
-nowarn:109:org.w3c.dom.events.EventListener:IKVM.OpenJDK.XML.API, Version=7.4.5196.0, Culture=neutral, PublicKeyToken=13235d27fcbfff58
-nowarn:109:org.w3c.dom.events.EventTarget:IKVM.OpenJDK.XML.API, Version=7.4.5196.0, Culture=neutral, PublicKeyToken=13235d27fcbfff58
-nowarn:109:org.w3c.dom.events.MouseEvent:IKVM.OpenJDK.XML.API, Version=7.4.5196.0, Culture=neutral, PublicKeyToken=13235d27fcbfff58
-nowarn:109:org.w3c.dom.events.MutationEvent:IKVM.OpenJDK.XML.API, Version=7.4.5196.0, Culture=neutral, PublicKeyToken=13235d27fcbfff58
-nowarn:109:org.w3c.dom.events.UIEvent:IKVM.OpenJDK.XML.API, Version=7.4.5196.0, Culture=neutral, PublicKeyToken=13235d27fcbfff58
-nowarn:100:javax.servlet.http.HttpServlet
-nowarn:100:org.apache.tools.ant.Task
-nowarn:109:org.w3c.dom.html.HTMLDOMImplementation:IKVM.OpenJDK.XML.API, Version=7.4.5196.0, Culture=neutral, PublicKeyToken=13235d27fcbfff58
-nowarn:100:org.apache.log.Logger
-nowarn:100:org.apache.log4j.Level
-nowarn:100:org.apache.log4j.Category
-nowarn:100:org.apache.log4j.Logger
-nowarn:100:org.w3c.dom.svg.SVGSVGElement
-nowarn:100:org.w3c.dom.svg.SVGTransformable
-nowarn:100:org.w3c.dom.svg.SVGFitToViewBox
-nowarn:100:org.w3c.dom.svg.EventListenerInitializer
-nowarn:100:org.w3c.dom.svg.SVGAElement
-nowarn:100:org.w3c.dom.svg.SVGImageElement
-nowarn:100:org.w3c.dom.svg.SVGTests
-nowarn:100:org.w3c.dom.svg.SVGTextPositioningElement
-nowarn:100:org.w3c.dom.svg.SVGTextContentElement
-nowarn:100:org.w3c.dom.svg.SVGUseElement
-nowarn:100:org.w3c.dom.svg.SVGLangSpace
-nowarn:100:com.sun.image.codec.jpeg.JPEGCodec
-nowarn:100:com.sun.image.codec.jpeg.JPEGImageEncoder
-nowarn:100:com.sun.image.codec.jpeg.JPEGEncodeParam
-nowarn:100:com.sun.image.codec.jpeg.JPEGImageDecoder
-nowarn:100:com.sun.image.codec.jpeg.TruncatedFileException
-nowarn:100:org.mozilla.javascript.Callable
-nowarn:100:org.mozilla.javascript.Context
-nowarn:100:org.mozilla.javascript.ScriptableObject
-nowarn:100:org.mozilla.javascript.JavaScriptException
-nowarn:100:org.mozilla.javascript.WrappedException
-nowarn:100:org.mozilla.javascript.ClassCache
-nowarn:100:org.mozilla.javascript.NativeObject
-nowarn:100:org.apache.log4j.Priority
-nowarn:100:org.apache.log.Hierarchy
-nowarn:100:javax.servlet.ServletContext
-nowarn:100:org.apache.tools.ant.BuildException
-nowarn:100:org.apache.tools.ant.util.GlobPatternMapper
-nowarn:100:org.apache.tools.ant.types.FileSet
-nowarn:100:org.apache.tools.ant.DirectoryScanner
-nowarn:100:javax.media.jai.LookupTableJAI
-nowarn:100:javax.media.jai.KernelJAI
-nowarn:100:javax.media.jai.ColorCube
-nowarn:100:javax.media.jai.ImageLayout
-nowarn:100:javax.media.jai.JAI
-nowarn:100:org.apache.xml.resolver.CatalogManager
-nowarn:100:org.apache.xml.resolver.Catalog
-nowarn:100:org.apache.xml.resolver.readers.SAXCatalogReader
-nowarn:117:be.re.css.PageSetupFilter.sortPageRules(Ljava.util.List;)Ljava.util.List;:java.util.List.sort(Ljava.util.Comparator;)V
